<?xml version="1.0" encoding="UTF-8"?>
<TestRun id="2c78019e-1053-4620-8653-3406fdf8d762" name="Oleg@OLEGPC 2016-03-22 17:25:16" runUser="OlegPC\Oleg" xmlns="http://microsoft.com/schemas/VisualStudio/TeamTest/2010">
  <TestSettings name="Локальные" id="04b1999a-1c84-4bcd-a2b7-426cafe90866">
    <Description>Это - параметры по умолчанию для локального тестового запуска.</Description>
    <Deployment enabled="false" runDeploymentRoot="Oleg_OLEGPC 2016-03-22 17_25_16" />
    <Execution>
      <TestTypeSpecific />
      <AgentRule name="Execution Agents">
      </AgentRule>
    </Execution>
  </TestSettings>
  <Times creation="2016-03-22T17:25:16.6192645+03:00" queuing="2016-03-22T17:25:16.8292648+03:00" start="2016-03-22T17:25:16.9692650+03:00" finish="2016-03-22T17:25:18.4402671+03:00" />
  <ResultSummary outcome="Failed">
    <Counters total="2" executed="2" passed="1" error="0" failed="1" timeout="0" aborted="0" inconclusive="0" passedButRunAborted="0" notRunnable="0" notExecuted="0" disconnected="0" warning="0" completed="0" inProgress="0" pending="0" />
  </ResultSummary>
  <TestDefinitions>
    <UnitTest name="TestPayAllOrder" storage="d:\tstbank\orderapplication2\testproject1\bin\debug\testproject1.dll" id="47cec070-ae02-f847-8562-a92dc18ac7e3">
      <Execution timeOut="1800000" id="53e66321-cbd6-4d96-9772-d501fd4cacec" />
      <TestMethod codeBase="D:/tstbank/OrderApplication2/TestProject1/bin/Debug/TestProject1.DLL" adapterTypeName="Microsoft.VisualStudio.TestTools.TestTypes.Unit.UnitTestAdapter, Microsoft.VisualStudio.QualityTools.Tips.UnitTest.Adapter, Version=10.0.0.0, Culture=neutral, PublicKeyToken=b03f5f7f11d50a3a" className="TestProject1.UnitTest1, TestProject1, Version=1.0.0.0, Culture=neutral, PublicKeyToken=null" name="TestPayAllOrder" />
    </UnitTest>
    <UnitTest name="TestOderBuilder" storage="d:\tstbank\orderapplication2\testproject1\bin\debug\testproject1.dll" id="47d6fcd2-8432-d20a-1ebf-ba3acd9d7d63">
      <Execution timeOut="1800000" id="27b60de7-0ad0-4e94-ba2f-3ffdfb085560" />
      <TestMethod codeBase="D:/tstbank/OrderApplication2/TestProject1/bin/Debug/TestProject1.DLL" adapterTypeName="Microsoft.VisualStudio.TestTools.TestTypes.Unit.UnitTestAdapter, Microsoft.VisualStudio.QualityTools.Tips.UnitTest.Adapter, Version=10.0.0.0, Culture=neutral, PublicKeyToken=b03f5f7f11d50a3a" className="TestProject1.UnitTest1, TestProject1, Version=1.0.0.0, Culture=neutral, PublicKeyToken=null" name="TestOderBuilder" />
    </UnitTest>
  </TestDefinitions>
  <TestLists>
    <TestList name="Отсутствующие в списке результаты" id="8c84fa94-04c1-424b-9868-57a2d4851a1d" />
    <TestList name="Все загруженные результаты" id="19431567-8539-422a-85d7-44ee4e166bda" />
  </TestLists>
  <TestEntries>
    <TestEntry testId="47d6fcd2-8432-d20a-1ebf-ba3acd9d7d63" executionId="27b60de7-0ad0-4e94-ba2f-3ffdfb085560" testListId="8c84fa94-04c1-424b-9868-57a2d4851a1d" />
    <TestEntry testId="47cec070-ae02-f847-8562-a92dc18ac7e3" executionId="53e66321-cbd6-4d96-9772-d501fd4cacec" testListId="8c84fa94-04c1-424b-9868-57a2d4851a1d" />
  </TestEntries>
  <Results>
    <UnitTestResult executionId="27b60de7-0ad0-4e94-ba2f-3ffdfb085560" testId="47d6fcd2-8432-d20a-1ebf-ba3acd9d7d63" testName="TestOderBuilder" computerName="OLEGPC" duration="00:00:00.8582204" startTime="2016-03-22T17:25:17.0192650+03:00" endTime="2016-03-22T17:25:17.9502664+03:00" testType="13cdc9d9-ddb5-4fa4-a97d-d965ccfc6d4b" outcome="Passed" testListId="8c84fa94-04c1-424b-9868-57a2d4851a1d" relativeResultsDirectory="27b60de7-0ad0-4e94-ba2f-3ffdfb085560">
    </UnitTestResult>
    <UnitTestResult executionId="53e66321-cbd6-4d96-9772-d501fd4cacec" testId="47cec070-ae02-f847-8562-a92dc18ac7e3" testName="TestPayAllOrder" computerName="OLEGPC" duration="00:00:00.4405900" startTime="2016-03-22T17:25:17.9502664+03:00" endTime="2016-03-22T17:25:18.3902670+03:00" testType="13cdc9d9-ddb5-4fa4-a97d-d965ccfc6d4b" outcome="Failed" testListId="8c84fa94-04c1-424b-9868-57a2d4851a1d" relativeResultsDirectory="53e66321-cbd6-4d96-9772-d501fd4cacec">
      <Output>
        <ErrorInfo>
          <Message>Метод проверки TestProject1.UnitTest1.TestPayAllOrder выдал исключение: Moq.MockException: 
Expected invocation on the mock exactly 2 times, but was 0 times: m =&gt; m.Pay(It.IsAny&lt;Product&gt;())
No setups configured.
No invocations performed..</Message>
          <StackTrace>    в Moq.Mock.ThrowVerifyException(MethodCall expected, IEnumerable`1 setups, IEnumerable`1 actualCalls, Expression expression, Times times, Int32 callCount)
   в Moq.Mock.VerifyCalls(Interceptor targetInterceptor, MethodCall expected, Expression expression, Times times)
   в Moq.Mock.Verify[T](Mock`1 mock, Expression`1 expression, Times times, String failMessage)
   в Moq.Mock`1.Verify(Expression`1 expression, Times times)
   в TestProject1.UnitTest1.TestPayAllOrder() в D:\tstbank\OrderApplication2\TestProject1\UnitTest1.cs:строка 43
</StackTrace>
        </ErrorInfo>
      </Output>
    </UnitTestResult>
  </Results>
</TestRun>