<?xml version="1.0" encoding="UTF-8"?>
<TestRun id="2fb674f8-94e7-4c66-be81-fc1f341aa46b" name="Oleg@OLEGPC 2016-03-22 16:53:13" runUser="OlegPC\Oleg" xmlns="http://microsoft.com/schemas/VisualStudio/TeamTest/2010">
  <TestSettings name="Локальные" id="04b1999a-1c84-4bcd-a2b7-426cafe90866">
    <Description>Это - параметры по умолчанию для локального тестового запуска.</Description>
    <Deployment enabled="false" runDeploymentRoot="Oleg_OLEGPC 2016-03-22 16_53_13" />
    <Execution>
      <TestTypeSpecific />
      <AgentRule name="Execution Agents">
      </AgentRule>
    </Execution>
  </TestSettings>
  <Times creation="2016-03-22T16:53:13.6373687+03:00" queuing="2016-03-22T16:53:13.8373690+03:00" start="2016-03-22T16:53:13.9773692+03:00" finish="2016-03-22T16:53:14.2873696+03:00" />
  <ResultSummary outcome="Completed">
    <Counters total="1" executed="1" passed="1" error="0" failed="0" timeout="0" aborted="0" inconclusive="0" passedButRunAborted="0" notRunnable="0" notExecuted="0" disconnected="0" warning="0" completed="0" inProgress="0" pending="0" />
  </ResultSummary>
  <TestDefinitions>
    <UnitTest name="TestPayOrder" storage="d:\tstbank\orderapplication2\testproject1\bin\debug\testproject1.dll" id="96dccff5-4769-49cd-d1f1-93a65ee2ecb3">
      <Execution timeOut="1800000" id="b97b1cbd-6c53-4ad7-9269-0f0060a46fb8" />
      <TestMethod codeBase="D:/tstbank/OrderApplication2/TestProject1/bin/Debug/TestProject1.DLL" adapterTypeName="Microsoft.VisualStudio.TestTools.TestTypes.Unit.UnitTestAdapter, Microsoft.VisualStudio.QualityTools.Tips.UnitTest.Adapter, Version=10.0.0.0, Culture=neutral, PublicKeyToken=b03f5f7f11d50a3a" className="TestProject1.UnitTest1, TestProject1, Version=1.0.0.0, Culture=neutral, PublicKeyToken=null" name="TestPayOrder" />
    </UnitTest>
  </TestDefinitions>
  <TestLists>
    <TestList name="Отсутствующие в списке результаты" id="8c84fa94-04c1-424b-9868-57a2d4851a1d" />
    <TestList name="Все загруженные результаты" id="19431567-8539-422a-85d7-44ee4e166bda" />
  </TestLists>
  <TestEntries>
    <TestEntry testId="96dccff5-4769-49cd-d1f1-93a65ee2ecb3" executionId="b97b1cbd-6c53-4ad7-9269-0f0060a46fb8" testListId="8c84fa94-04c1-424b-9868-57a2d4851a1d" />
  </TestEntries>
  <Results>
    <UnitTestResult executionId="b97b1cbd-6c53-4ad7-9269-0f0060a46fb8" testId="96dccff5-4769-49cd-d1f1-93a65ee2ecb3" testName="TestPayOrder" computerName="OLEGPC" duration="00:00:00.1614654" startTime="2016-03-22T16:53:14.0273692+03:00" endTime="2016-03-22T16:53:14.2373695+03:00" testType="13cdc9d9-ddb5-4fa4-a97d-d965ccfc6d4b" outcome="Passed" testListId="8c84fa94-04c1-424b-9868-57a2d4851a1d" relativeResultsDirectory="b97b1cbd-6c53-4ad7-9269-0f0060a46fb8">
    </UnitTestResult>
  </Results>
</TestRun>