<?xml version="1.0" encoding="UTF-8"?>
<TestRun id="1d315a92-1bfd-439c-9b38-6ea8005afc5d" name="Oleg@OLEGPC 2016-03-22 11:27:20" runUser="OlegPC\Oleg" xmlns="http://microsoft.com/schemas/VisualStudio/TeamTest/2010">
  <TestSettings name="Локальные" id="04b1999a-1c84-4bcd-a2b7-426cafe90866">
    <Description>Это - параметры по умолчанию для локального тестового запуска.</Description>
    <Deployment enabled="false" runDeploymentRoot="Oleg_OLEGPC 2016-03-22 11_27_20" />
    <Execution>
      <TestTypeSpecific />
      <AgentRule name="Execution Agents">
      </AgentRule>
    </Execution>
  </TestSettings>
  <Times creation="2016-03-22T11:27:20.9550663+03:00" queuing="2016-03-22T11:27:24.0552436+03:00" start="2016-03-22T11:27:24.2382541+03:00" finish="2016-03-22T11:27:25.1093039+03:00" />
  <ResultSummary outcome="Completed">
    <Counters total="1" executed="1" passed="1" error="0" failed="0" timeout="0" aborted="0" inconclusive="0" passedButRunAborted="0" notRunnable="0" notExecuted="0" disconnected="0" warning="0" completed="0" inProgress="0" pending="0" />
  </ResultSummary>
  <TestDefinitions>
    <UnitTest name="TestMethod1" storage="d:\tstbank\orderapplication2\testproject1\bin\debug\testproject1.dll" id="59863143-3238-122e-4d8a-637b491cc755">
      <Execution id="60c7e038-3c2f-4995-8b7d-adf62f9fa6b9" />
      <TestMethod codeBase="D:/tstbank/OrderApplication2/TestProject1/bin/Debug/TestProject1.DLL" adapterTypeName="Microsoft.VisualStudio.TestTools.TestTypes.Unit.UnitTestAdapter, Microsoft.VisualStudio.QualityTools.Tips.UnitTest.Adapter, Version=10.0.0.0, Culture=neutral, PublicKeyToken=b03f5f7f11d50a3a" className="TestProject1.UnitTest1, TestProject1, Version=1.0.0.0, Culture=neutral, PublicKeyToken=null" name="TestMethod1" />
    </UnitTest>
  </TestDefinitions>
  <TestLists>
    <TestList name="Отсутствующие в списке результаты" id="8c84fa94-04c1-424b-9868-57a2d4851a1d" />
    <TestList name="Все загруженные результаты" id="19431567-8539-422a-85d7-44ee4e166bda" />
  </TestLists>
  <TestEntries>
    <TestEntry testId="59863143-3238-122e-4d8a-637b491cc755" executionId="60c7e038-3c2f-4995-8b7d-adf62f9fa6b9" testListId="8c84fa94-04c1-424b-9868-57a2d4851a1d" />
  </TestEntries>
  <Results>
    <UnitTestResult executionId="60c7e038-3c2f-4995-8b7d-adf62f9fa6b9" testId="59863143-3238-122e-4d8a-637b491cc755" testName="TestMethod1" computerName="OLEGPC" duration="00:00:00.0109241" startTime="2016-03-22T11:27:24.4002633+03:00" endTime="2016-03-22T11:27:24.8962917+03:00" testType="13cdc9d9-ddb5-4fa4-a97d-d965ccfc6d4b" outcome="Passed" testListId="8c84fa94-04c1-424b-9868-57a2d4851a1d" relativeResultsDirectory="60c7e038-3c2f-4995-8b7d-adf62f9fa6b9">
    </UnitTestResult>
  </Results>
</TestRun>