<?xml version="1.0" encoding="UTF-8"?>
<TestRun id="8780e2b6-3f79-43ea-8b85-6c5504b7f8bf" name="Oleg@OLEGPC 2016-03-29 06:03:47" runUser="OlegPC\Oleg" xmlns="http://microsoft.com/schemas/VisualStudio/TeamTest/2010">
  <TestSettings name="Локальные" id="04b1999a-1c84-4bcd-a2b7-426cafe90866">
    <Description>Это - параметры по умолчанию для локального тестового запуска.</Description>
    <Deployment userDeploymentRoot="D:\tstbank\OrderApplication2\TestResults" useDefaultDeploymentRoot="false" enabled="false" runDeploymentRoot="Oleg_OLEGPC 2016-03-29 06_03_47">
      <DeploymentItem filename="D:\tstbank\OrderApplication2\packages\Moq.4.2.1510.2205\lib\net40\Moq.dll" />
    </Deployment>
    <Execution>
      <TestTypeSpecific />
      <AgentRule name="Execution Agents">
      </AgentRule>
    </Execution>
  </TestSettings>
  <Times creation="2016-03-29T06:03:47.4882428+03:00" queuing="2016-03-29T06:03:52.9825571+03:00" start="2016-03-29T06:03:53.5225880+03:00" finish="2016-03-29T06:06:32.2666676+03:00" />
  <ResultSummary outcome="Error">
    <Counters total="1" executed="1" error="0" failed="0" timeout="0" aborted="1" inconclusive="0" passedButRunAborted="0" notRunnable="0" notExecuted="0" disconnected="0" warning="0" passed="0" completed="0" inProgress="0" pending="0" />
    <RunInfos>
      <RunInfo computerName="OLEGPC" outcome="Error" timestamp="2016-03-29T06:06:32.2656676+03:00">
        <Text>Неожиданный выход из тестового хост-процесса.</Text>
      </RunInfo>
    </RunInfos>
  </ResultSummary>
  <TestDefinitions>
    <UnitTest name="TestPayAllOrder" storage="d:\tstbank\orderapplication2\testproject1\bin\debug\testproject1.dll" id="47cec070-ae02-f847-8562-a92dc18ac7e3">
      <Execution id="4bb60925-6aca-44f9-b091-fc0d2fa2df54" />
      <TestMethod codeBase="D:/tstbank/OrderApplication2/TestProject1/bin/Debug/TestProject1.DLL" adapterTypeName="Microsoft.VisualStudio.TestTools.TestTypes.Unit.UnitTestAdapter, Microsoft.VisualStudio.QualityTools.Tips.UnitTest.Adapter, Version=10.0.0.0, Culture=neutral, PublicKeyToken=b03f5f7f11d50a3a" className="TestProject1.UnitTest1, TestProject1, Version=1.0.0.0, Culture=neutral, PublicKeyToken=null" name="TestPayAllOrder" />
    </UnitTest>
  </TestDefinitions>
  <TestLists>
    <TestList name="Отсутствующие в списке результаты" id="8c84fa94-04c1-424b-9868-57a2d4851a1d" />
    <TestList name="Все загруженные результаты" id="19431567-8539-422a-85d7-44ee4e166bda" />
  </TestLists>
  <TestEntries>
    <TestEntry testId="47cec070-ae02-f847-8562-a92dc18ac7e3" executionId="95d611d0-e59b-436b-a144-83d3e81961fb" testListId="8c84fa94-04c1-424b-9868-57a2d4851a1d" />
  </TestEntries>
  <Results>
    <UnitTestResult executionId="95d611d0-e59b-436b-a144-83d3e81961fb" testId="47cec070-ae02-f847-8562-a92dc18ac7e3" testName="TestPayAllOrder" computerName="OLEGPC" duration="00:02:38.4620635" startTime="2016-03-29T06:03:53.8046041+03:00" endTime="2016-03-29T06:06:32.2666676+03:00" testType="13cdc9d9-ddb5-4fa4-a97d-d965ccfc6d4b" outcome="Aborted" testListId="8c84fa94-04c1-424b-9868-57a2d4851a1d" relativeResultsDirectory="95d611d0-e59b-436b-a144-83d3e81961fb">
    </UnitTestResult>
  </Results>
</TestRun>